<?xml version="1.0" encoding="UTF-8"?>
<testng-results skipped="0" failed="0" ignored="0" total="4" passed="4">
  <reporter-output>
  </reporter-output>
  <suite name="Login-module" duration-ms="14582" started-at="2023-08-10T15:31:43Z" finished-at="2023-08-10T15:31:57Z">
    <groups>
    </groups>
    <test name="Login-test-4" duration-ms="3727" started-at="2023-08-10T15:31:43Z" finished-at="2023-08-10T15:31:47Z">
      <class name="com.searchmodule.tests.LoginTest">
        <test-method status="PASS" signature="setupDriver(org.testng.ITestContext)[pri:0, instance:com.searchmodule.tests.LoginTest@7c30a502]" name="setupDriver" is-config="true" duration-ms="1421" started-at="2023-08-10T15:31:43Z" finished-at="2023-08-10T15:31:44Z">
          <params>
            <param index="0">
              <value>
                <![CDATA[org.testng.TestRunner@3d8c7aca]]>
              </value>
            </param>
          </params>
          <reporter-output>
          </reporter-output>
        </test-method> <!-- setupDriver -->
        <test-method status="PASS" signature="search(java.lang.String)[pri:0, instance:com.searchmodule.tests.LoginTest@7c30a502]" name="search" duration-ms="2224" started-at="2023-08-10T15:31:44Z" finished-at="2023-08-10T15:31:47Z">
          <params>
            <param index="0">
              <value>
                <![CDATA[qtpworld2008@gmail.com]]>
              </value>
            </param>
          </params>
          <reporter-output>
          </reporter-output>
        </test-method> <!-- search -->
        <test-method status="PASS" signature="quitDriver()[pri:0, instance:com.searchmodule.tests.LoginTest@7c30a502]" name="quitDriver" is-config="true" duration-ms="65" started-at="2023-08-10T15:31:47Z" finished-at="2023-08-10T15:31:47Z">
          <reporter-output>
          </reporter-output>
        </test-method> <!-- quitDriver -->
      </class> <!-- com.searchmodule.tests.LoginTest -->
    </test> <!-- Login-test-4 -->
    <test name="Login-test-3" duration-ms="6639" started-at="2023-08-10T15:31:43Z" finished-at="2023-08-10T15:31:49Z">
      <class name="com.searchmodule.tests.LoginTest">
        <test-method status="PASS" signature="setupDriver(org.testng.ITestContext)[pri:0, instance:com.searchmodule.tests.LoginTest@7c75222b]" name="setupDriver" is-config="true" duration-ms="4244" started-at="2023-08-10T15:31:43Z" finished-at="2023-08-10T15:31:47Z">
          <params>
            <param index="0">
              <value>
                <![CDATA[org.testng.TestRunner@5ebec15]]>
              </value>
            </param>
          </params>
          <reporter-output>
          </reporter-output>
        </test-method> <!-- setupDriver -->
        <test-method status="PASS" signature="search(java.lang.String)[pri:0, instance:com.searchmodule.tests.LoginTest@7c75222b]" name="search" duration-ms="2276" started-at="2023-08-10T15:31:47Z" finished-at="2023-08-10T15:31:49Z">
          <params>
            <param index="0">
              <value>
                <![CDATA[qtpworld2008@gmail.com]]>
              </value>
            </param>
          </params>
          <reporter-output>
          </reporter-output>
        </test-method> <!-- search -->
        <test-method status="PASS" signature="quitDriver()[pri:0, instance:com.searchmodule.tests.LoginTest@7c75222b]" name="quitDriver" is-config="true" duration-ms="116" started-at="2023-08-10T15:31:49Z" finished-at="2023-08-10T15:31:49Z">
          <reporter-output>
          </reporter-output>
        </test-method> <!-- quitDriver -->
      </class> <!-- com.searchmodule.tests.LoginTest -->
    </test> <!-- Login-test-3 -->
    <test name="Login-test-1" duration-ms="11702" started-at="2023-08-10T15:31:43Z" finished-at="2023-08-10T15:31:55Z">
      <class name="com.searchmodule.tests.LoginTest">
        <test-method status="PASS" signature="setupDriver(org.testng.ITestContext)[pri:0, instance:com.searchmodule.tests.LoginTest@23223dd8]" name="setupDriver" is-config="true" duration-ms="7133" started-at="2023-08-10T15:31:43Z" finished-at="2023-08-10T15:31:50Z">
          <params>
            <param index="0">
              <value>
                <![CDATA[org.testng.TestRunner@21bcffb5]]>
              </value>
            </param>
          </params>
          <reporter-output>
          </reporter-output>
        </test-method> <!-- setupDriver -->
        <test-method status="PASS" signature="search(java.lang.String)[pri:0, instance:com.searchmodule.tests.LoginTest@23223dd8]" name="search" duration-ms="4504" started-at="2023-08-10T15:31:50Z" finished-at="2023-08-10T15:31:54Z">
          <params>
            <param index="0">
              <value>
                <![CDATA[qtpworld2008@gmail.com]]>
              </value>
            </param>
          </params>
          <reporter-output>
          </reporter-output>
        </test-method> <!-- search -->
        <test-method status="PASS" signature="quitDriver()[pri:0, instance:com.searchmodule.tests.LoginTest@23223dd8]" name="quitDriver" is-config="true" duration-ms="62" started-at="2023-08-10T15:31:54Z" finished-at="2023-08-10T15:31:55Z">
          <reporter-output>
          </reporter-output>
        </test-method> <!-- quitDriver -->
      </class> <!-- com.searchmodule.tests.LoginTest -->
    </test> <!-- Login-test-1 -->
    <test name="Login-test-2" duration-ms="14582" started-at="2023-08-10T15:31:43Z" finished-at="2023-08-10T15:31:57Z">
      <class name="com.searchmodule.tests.LoginTest">
        <test-method status="PASS" signature="setupDriver(org.testng.ITestContext)[pri:0, instance:com.searchmodule.tests.LoginTest@2d209079]" name="setupDriver" is-config="true" duration-ms="12218" started-at="2023-08-10T15:31:43Z" finished-at="2023-08-10T15:31:55Z">
          <params>
            <param index="0">
              <value>
                <![CDATA[org.testng.TestRunner@380fb434]]>
              </value>
            </param>
          </params>
          <reporter-output>
          </reporter-output>
        </test-method> <!-- setupDriver -->
        <test-method status="PASS" signature="search(java.lang.String)[pri:0, instance:com.searchmodule.tests.LoginTest@2d209079]" name="search" duration-ms="2299" started-at="2023-08-10T15:31:55Z" finished-at="2023-08-10T15:31:57Z">
          <params>
            <param index="0">
              <value>
                <![CDATA[qtpworld2008@gmail.com]]>
              </value>
            </param>
          </params>
          <reporter-output>
          </reporter-output>
        </test-method> <!-- search -->
        <test-method status="PASS" signature="quitDriver()[pri:0, instance:com.searchmodule.tests.LoginTest@2d209079]" name="quitDriver" is-config="true" duration-ms="63" started-at="2023-08-10T15:31:57Z" finished-at="2023-08-10T15:31:57Z">
          <reporter-output>
          </reporter-output>
        </test-method> <!-- quitDriver -->
      </class> <!-- com.searchmodule.tests.LoginTest -->
    </test> <!-- Login-test-2 -->
  </suite> <!-- Login-module -->
</testng-results>
